!SESSION 2016-01-20 10:26:01.753 -----------------------------------------------
eclipse.buildId=4.5.1.M20150904-0015
java.version=1.8.0
java.vendor=Oracle Corporation
BootLoader constants: OS=win32, ARCH=x86, WS=win32, NL=en_US
Framework arguments:  -product org.eclipse.epp.package.dsl.product
Command-line arguments:  -os win32 -ws win32 -arch x86 -product org.eclipse.epp.package.dsl.product

!ENTRY org.eclipse.osgi 4 0 2016-01-20 10:26:08.357
!MESSAGE Application error
!STACK 1
org.eclipse.swt.SWTError: No more handles
	at org.eclipse.swt.SWT.error(SWT.java:4517)
	at org.eclipse.swt.SWT.error(SWT.java:4406)
	at org.eclipse.swt.SWT.error(SWT.java:4377)
	at org.eclipse.swt.widgets.Widget.error(Widget.java:482)
	at org.eclipse.swt.widgets.Control.createHandle(Control.java:703)
	at org.eclipse.swt.widgets.Composite.createHandle(Composite.java:306)
	at org.eclipse.swt.widgets.Decorations.createHandle(Decorations.java:419)
	at org.eclipse.swt.widgets.Shell.createHandle(Shell.java:584)
	at org.eclipse.swt.widgets.Control.createWidget(Control.java:743)
	at org.eclipse.swt.widgets.Scrollable.createWidget(Scrollable.java:140)
	at org.eclipse.swt.widgets.Decorations.createWidget(Decorations.java:427)
	at org.eclipse.swt.widgets.Shell.<init>(Shell.java:297)
	at org.eclipse.swt.widgets.Shell.<init>(Shell.java:375)
	at org.eclipse.jface.window.Window.createShell(Window.java:486)
	at org.eclipse.jface.window.Window.create(Window.java:429)
	at org.eclipse.jface.dialogs.Dialog.create(Dialog.java:1096)
	at org.eclipse.jface.window.Window.open(Window.java:792)
	at org.eclipse.jface.dialogs.MessageDialog.open(MessageDialog.java:330)
	at org.eclipse.jface.dialogs.MessageDialog.open(MessageDialog.java:360)
	at org.eclipse.jface.dialogs.MessageDialog.openError(MessageDialog.java:423)
	at org.eclipse.ui.internal.ide.application.IDEApplication.checkInstanceLocation(IDEApplication.java:303)
	at org.eclipse.ui.internal.ide.application.IDEApplication.start(IDEApplication.java:128)
	at org.eclipse.equinox.internal.app.EclipseAppHandle.run(EclipseAppHandle.java:196)
	at org.eclipse.core.runtime.internal.adaptor.EclipseAppLauncher.runApplication(EclipseAppLauncher.java:134)
	at org.eclipse.core.runtime.internal.adaptor.EclipseAppLauncher.start(EclipseAppLauncher.java:104)
	at org.eclipse.core.runtime.adaptor.EclipseStarter.run(EclipseStarter.java:380)
	at org.eclipse.core.runtime.adaptor.EclipseStarter.run(EclipseStarter.java:235)
	at sun.reflect.NativeMethodAccessorImpl.invoke0(Native Method)
	at sun.reflect.NativeMethodAccessorImpl.invoke(Unknown Source)
	at sun.reflect.DelegatingMethodAccessorImpl.invoke(Unknown Source)
	at java.lang.reflect.Method.invoke(Unknown Source)
	at org.eclipse.equinox.launcher.Main.invokeFramework(Main.java:669)
	at org.eclipse.equinox.launcher.Main.basicRun(Main.java:608)
	at org.eclipse.equinox.launcher.Main.run(Main.java:1515)
